0 info it worked if it ends with ok
1 verbose cli [ 'C:\\Program Files (x86)\\nodejs\\node.exe',
1 verbose cli   'C:\\Program Files (x86)\\nodejs\\node_modules\\npm\\bin\\npm-cli.js',
1 verbose cli   'start' ]
2 info using npm@3.3.12
3 info using node@v5.1.1
4 verbose run-script [ 'prestart', 'start', 'poststart' ]
5 info lifecycle nodeauth@1.0.0~prestart: nodeauth@1.0.0
6 silly lifecycle nodeauth@1.0.0~prestart: no script for prestart, continuing
7 info lifecycle nodeauth@1.0.0~start: nodeauth@1.0.0
8 verbose lifecycle nodeauth@1.0.0~start: unsafe-perm in lifecycle true
9 verbose lifecycle nodeauth@1.0.0~start: PATH: C:\Program Files (x86)\nodejs\node_modules\npm\bin\node-gyp-bin;C:\node\nodeauth\node_modules\.bin;C:\Users\nauski\bin;C:\Users\nauski\AppData\Local\Programs\Git\mingw64\bin;C:\Users\nauski\AppData\Local\Programs\Git\usr\local\bin;C:\Users\nauski\AppData\Local\Programs\Git\usr\bin;C:\Users\nauski\AppData\Local\Programs\Git\usr\bin;C:\Users\nauski\AppData\Local\Programs\Git\mingw64\bin;C:\Users\nauski\AppData\Local\Programs\Git\usr\bin;C:\Users\nauski\bin;C:\ProgramData\Oracle\Java\javapath;C:\Program Files (x86)\Common Files\Microsoft Shared\Windows Live;C:\Program Files (x86)\Intel\iCLS Client;C:\Program Files\Intel\iCLS Client;C:\Windows\system32;C:\Windows;C:\Windows\System32\Wbem;C:\Windows\System32\WindowsPowerShell\v1.0;C:\Program Files\Intel\Intel(R) Management Engine Components\DAL;C:\Program Files\Intel\Intel(R) Management Engine Components\IPT;C:\Program Files (x86)\Intel\Intel(R) Management Engine Components\DAL;C:\Program Files (x86)\Intel\Intel(R) Management Engine Components\IPT;C:\Program Files (x86)\QuickTime\QTSystem;C:\Program Files (x86)\Skype\Phone;C:\Program Files (x86)\Brackets\command;C:\Program Files (x86)\NVIDIA Corporation\PhysX\Common;C:\Program Files (x86)\nodejs;C:\Program Files (x86)\Windows Kits\8.1\Windows Performance Toolkit;C:\Program Files\Microsoft SQL Server\110\Tools\Binn;C:\Program Files (x86)\Microsoft SDKs\TypeScript\1.0;C:\Program Files\Common Files\Microsoft Shared\Windows Live;C:\Program Files (x86)\Java\jre7\bin;C:\Users\nauski\AppData\Roaming\npm;C:\Users\nauski\AppData\Local\Programs\Git\cmd;C:\Users\nauski\AppData\Local\Programs\Git\mingw64\bin;C:\Users\nauski\AppData\Local\Programs\Git\usr\bin;C:\Users\nauski\AppData\Local\atom\bin;C:\Users\nauski\AppData\Local\Programs\Git\usr\bin\vendor_perl;C:\Users\nauski\AppData\Local\Programs\Git\usr\bin\core_perl
10 verbose lifecycle nodeauth@1.0.0~start: CWD: C:\node\nodeauth
11 silly lifecycle nodeauth@1.0.0~start: Args: [ '/d /s /c', 'node ./bin/www' ]
12 silly lifecycle nodeauth@1.0.0~start: Returned: code: 1  signal: null
13 info lifecycle nodeauth@1.0.0~start: Failed to exec start script
14 verbose stack Error: nodeauth@1.0.0 start: `node ./bin/www`
14 verbose stack Exit status 1
14 verbose stack     at EventEmitter.<anonymous> (C:\Program Files (x86)\nodejs\node_modules\npm\lib\utils\lifecycle.js:232:16)
14 verbose stack     at emitTwo (events.js:87:13)
14 verbose stack     at EventEmitter.emit (events.js:172:7)
14 verbose stack     at ChildProcess.<anonymous> (C:\Program Files (x86)\nodejs\node_modules\npm\lib\utils\spawn.js:24:14)
14 verbose stack     at emitTwo (events.js:87:13)
14 verbose stack     at ChildProcess.emit (events.js:172:7)
14 verbose stack     at maybeClose (internal/child_process.js:818:16)
14 verbose stack     at Process.ChildProcess._handle.onexit (internal/child_process.js:211:5)
15 verbose pkgid nodeauth@1.0.0
16 verbose cwd C:\node\nodeauth
17 error Windows_NT 6.1.7601
18 error argv "C:\\Program Files (x86)\\nodejs\\node.exe" "C:\\Program Files (x86)\\nodejs\\node_modules\\npm\\bin\\npm-cli.js" "start"
19 error node v5.1.1
20 error npm  v3.3.12
21 error code ELIFECYCLE
22 error nodeauth@1.0.0 start: `node ./bin/www`
22 error Exit status 1
23 error Failed at the nodeauth@1.0.0 start script 'node ./bin/www'.
23 error Make sure you have the latest version of node.js and npm installed.
23 error If you do, this is most likely a problem with the nodeauth package,
23 error not with npm itself.
23 error Tell the author that this fails on your system:
23 error     node ./bin/www
23 error You can get their info via:
23 error     npm owner ls nodeauth
23 error There is likely additional logging output above.
24 verbose exit [ 1, true ]
